{"timestamp":"2025-12-03T17:35:41.898Z","level":"info","message":"Session cleaner started"}
{"timestamp":"2025-12-03T17:35:41.930Z","level":"info","message":"Server running on port 5000","port":"5000","environment":"development","documentation":"http://localhost:5000/api-docs","health":"http://localhost:5000/health"}
{"timestamp":"2025-12-03T17:36:22.399Z","level":"info","message":"Session cleaner started"}
{"timestamp":"2025-12-03T17:36:22.425Z","level":"info","message":"Server running on port 5000","port":"5000","environment":"development","documentation":"http://localhost:5000/api-docs","health":"http://localhost:5000/health"}
{"timestamp":"2025-12-03T19:38:42.879Z","level":"info","message":"Session cleaner started"}
{"timestamp":"2025-12-03T19:38:42.949Z","level":"info","message":"Server running on port 5000","port":"5000","environment":"development","documentation":"http://localhost:5000/api-docs","health":"http://localhost:5000/health"}
{"timestamp":"2025-12-03T19:39:42.911Z","level":"info","message":"Session cleanup completed"}
{"timestamp":"2025-12-03T19:40:06.394Z","level":"info","message":"::1 - - [03/Dec/2025:19:40:06 +0000] \"GET / HTTP/1.1\" 200 309 \"-\" \"Mozilla/5.0 (Linux; Android 10; K) AppleWebKit/537.36 (KHTML, like Gecko) Chrome/142.0.0.0 Mobile Safari/537.36\"","source":"morgan"}
{"timestamp":"2025-12-03T19:40:06.671Z","level":"info","message":"::1 - - [03/Dec/2025:19:40:06 +0000] \"GET /favicon.ico HTTP/1.1\" 404 64 \"-\" \"Mozilla/5.0 (Linux; Android 10; K) AppleWebKit/537.36 (KHTML, like Gecko) Chrome/142.0.0.0 Mobile Safari/537.36\"","source":"morgan"}
{"timestamp":"2025-12-03T19:40:42.901Z","level":"info","message":"Session cleanup completed"}
{"timestamp":"2025-12-03T19:41:16.265Z","level":"info","message":"::1 - - [03/Dec/2025:19:41:16 +0000] \"GET / HTTP/1.1\" 304 - \"-\" \"Mozilla/5.0 (Linux; Android 10; K) AppleWebKit/537.36 (KHTML, like Gecko) Chrome/142.0.0.0 Mobile Safari/537.36\"","source":"morgan"}
{"timestamp":"2025-12-03T19:41:42.930Z","level":"info","message":"Session cleanup completed"}
{"timestamp":"2025-12-03T19:42:42.962Z","level":"info","message":"Session cleanup completed"}
{"timestamp":"2025-12-03T19:43:14.567Z","level":"info","message":"SIGINT received, shutting down gracefully"}
{"timestamp":"2025-12-03T19:44:45.100Z","level":"info","message":"Session cleaner started"}
{"timestamp":"2025-12-03T19:44:45.130Z","level":"info","message":"Server running on port 5000","port":"5000","environment":"development","documentation":"http://localhost:5000/api-docs","health":"http://localhost:5000/health"}
{"timestamp":"2025-12-03T19:44:46.834Z","level":"info","message":"SIGTERM received, shutting down gracefully"}
{"timestamp":"2025-12-03T19:45:04.177Z","level":"info","message":"Session cleaner started"}
{"timestamp":"2025-12-03T19:45:04.184Z","level":"info","message":"Server running on port 5000","port":"5000","environment":"development","documentation":"http://localhost:5000/api-docs","health":"http://localhost:5000/health"}
{"timestamp":"2025-12-03T19:45:05.147Z","level":"info","message":"::1 - - [03/Dec/2025:19:45:05 +0000] \"GET /health HTTP/1.1\" 503 235 \"-\" \"curl/8.14.1\"","source":"morgan"}
{"timestamp":"2025-12-03T19:46:04.204Z","level":"info","message":"Session cleanup completed"}
{"timestamp":"2025-12-03T19:47:04.236Z","level":"info","message":"Session cleanup completed"}
{"timestamp":"2025-12-03T19:48:12.721Z","level":"info","message":"Session cleaner started"}
{"timestamp":"2025-12-03T19:48:12.748Z","level":"info","message":"Server running on port 5000","port":"5000","environment":"development","documentation":"http://localhost:5000/api-docs","health":"http://localhost:5000/health"}
{"timestamp":"2025-12-03T19:48:25.028Z","level":"info","message":"Session cleaner started"}
{"timestamp":"2025-12-03T19:48:25.053Z","level":"info","message":"Server running on port 5000","port":"5000","environment":"development","documentation":"http://localhost:5000/api-docs","health":"http://localhost:5000/health"}
{"timestamp":"2025-12-03T19:48:38.989Z","level":"info","message":"Session cleaner started"}
{"timestamp":"2025-12-03T19:48:39.002Z","level":"info","message":"Server running on port 5000","port":"5000","environment":"development","documentation":"http://localhost:5000/api-docs","health":"http://localhost:5000/health"}
{"timestamp":"2025-12-03T19:48:59.117Z","level":"info","message":"Session cleaner started"}
{"timestamp":"2025-12-03T19:48:59.146Z","level":"info","message":"Server running on port 5000","port":"5000","environment":"development","documentation":"http://localhost:5000/api-docs","health":"http://localhost:5000/health"}
{"timestamp":"2025-12-03T19:49:01.584Z","level":"info","message":"SIGTERM received, shutting down gracefully"}
{"timestamp":"2025-12-03T19:49:17.879Z","level":"info","message":"Session cleaner started"}
{"timestamp":"2025-12-03T19:49:17.902Z","level":"info","message":"Server running on port 5000","port":"5000","environment":"development","documentation":"http://localhost:5000/api-docs","health":"http://localhost:5000/health"}
{"timestamp":"2025-12-03T21:47:28.645Z","level":"info","message":"Session cleaner started"}
{"timestamp":"2025-12-03T21:47:28.737Z","level":"info","message":"Server running on 0.0.0.0:8080","host":"0.0.0.0","port":"8080","environment":"development","documentation":"http://0.0.0.0:8080/api-docs","health":"http://0.0.0.0:8080/health","captivePortal":"http://10.10.0.1:8080/login"}
{"timestamp":"2025-12-03T21:47:31.613Z","level":"info","message":"SIGTERM received, shutting down gracefully"}
{"timestamp":"2025-12-03T21:47:47.068Z","level":"info","message":"Session cleaner started"}
{"timestamp":"2025-12-03T21:47:47.112Z","level":"info","message":"Server running on 0.0.0.0:8080","host":"0.0.0.0","port":"8080","environment":"development","documentation":"http://0.0.0.0:8080/api-docs","health":"http://0.0.0.0:8080/health","captivePortal":"http://10.10.0.1:8080/login"}
{"timestamp":"2025-12-03T21:48:02.607Z","level":"info","message":"Session cleaner started"}
{"timestamp":"2025-12-03T21:48:02.627Z","level":"info","message":"Server running on 0.0.0.0:8080","host":"0.0.0.0","port":"8080","environment":"development","documentation":"http://0.0.0.0:8080/api-docs","health":"http://0.0.0.0:8080/health","captivePortal":"http://10.10.0.1:8080/login"}
{"timestamp":"2025-12-03T21:51:12.410Z","level":"info","message":"Session cleaner started"}
{"timestamp":"2025-12-03T21:51:12.459Z","level":"info","message":"Server running on 0.0.0.0:8080","host":"0.0.0.0","port":"8080","environment":"development","documentation":"http://0.0.0.0:8080/api-docs","health":"http://0.0.0.0:8080/health","captivePortal":"http://10.10.0.1:8080/login"}
{"timestamp":"2025-12-03T21:51:20.624Z","level":"info","message":"SIGTERM received, shutting down gracefully"}
{"timestamp":"2025-12-03T21:52:02.968Z","level":"info","message":"Session cleaner started"}
{"timestamp":"2025-12-03T21:52:03.024Z","level":"info","message":"Server running on 0.0.0.0:8080","host":"0.0.0.0","port":"8080","environment":"development","documentation":"http://0.0.0.0:8080/api-docs","health":"http://0.0.0.0:8080/health","captivePortal":"http://10.10.0.1:8080/login"}
{"timestamp":"2025-12-03T21:52:05.319Z","level":"info","message":"SIGTERM received, shutting down gracefully"}
{"timestamp":"2025-12-03T21:55:13.184Z","level":"info","message":"Session cleaner started"}
{"timestamp":"2025-12-03T21:55:13.219Z","level":"info","message":"Server running on 0.0.0.0:8080","host":"0.0.0.0","port":"8080","environment":"development","documentation":"http://0.0.0.0:8080/api-docs","health":"http://0.0.0.0:8080/health","captivePortal":"http://10.10.0.1:8080/login"}
{"timestamp":"2025-12-03T21:56:13.203Z","level":"info","message":"Session cleanup completed"}
{"timestamp":"2025-12-03T21:56:49.695Z","level":"info","message":"SIGINT received, shutting down gracefully"}
{"timestamp":"2025-12-04T04:05:48.850Z","level":"info","message":"Session cleaner started"}
{"timestamp":"2025-12-04T04:05:49.043Z","level":"info","message":"Server running on localhost:8080","host":"localhost","port":"8080","environment":"development","documentation":"http://localhost:8080/api-docs","health":"http://localhost:8080/health","captivePortal":"http://localhost:8080/login"}
{"timestamp":"2025-12-04T04:06:26.251Z","level":"info","message":"::1 - - [04/Dec/2025:04:06:26 +0000] \"GET / HTTP/1.1\" 200 309 \"-\" \"Mozilla/5.0 (Linux; Android 10; K) AppleWebKit/537.36 (KHTML, like Gecko) Chrome/142.0.0.0 Mobile Safari/537.36\"","source":"morgan"}
{"timestamp":"2025-12-04T04:06:26.542Z","level":"info","message":"::1 - - [04/Dec/2025:04:06:26 +0000] \"GET /favicon.ico HTTP/1.1\" 404 64 \"-\" \"Mozilla/5.0 (Linux; Android 10; K) AppleWebKit/537.36 (KHTML, like Gecko) Chrome/142.0.0.0 Mobile Safari/537.36\"","source":"morgan"}
{"timestamp":"2025-12-04T04:06:28.482Z","level":"info","message":"::1 - - [04/Dec/2025:04:06:28 +0000] \"GET / HTTP/1.1\" 304 - \"-\" \"Mozilla/5.0 (Linux; Android 10; K) AppleWebKit/537.36 (KHTML, like Gecko) Chrome/142.0.0.0 Mobile Safari/537.36\"","source":"morgan"}
{"timestamp":"2025-12-04T04:06:32.067Z","level":"info","message":"::1 - - [04/Dec/2025:04:06:32 +0000] \"GET / HTTP/1.1\" 304 - \"-\" \"Mozilla/5.0 (Linux; Android 10; K) AppleWebKit/537.36 (KHTML, like Gecko) Chrome/142.0.0.0 Mobile Safari/537.36\"","source":"morgan"}
{"timestamp":"2025-12-04T04:06:48.892Z","level":"info","message":"Session cleanup completed"}
{"timestamp":"2025-12-04T04:06:56.779Z","level":"info","message":"SIGINT received, shutting down gracefully"}
{"timestamp":"2025-12-04T04:09:07.627Z","level":"info","message":"Session cleaner started"}
{"timestamp":"2025-12-04T04:09:07.680Z","level":"info","message":"Server running on localhost:8080","host":"localhost","port":"8080","environment":"development","documentation":"http://localhost:8080/api-docs","health":"http://localhost:8080/health","captivePortal":"http://localhost:8080/login"}
{"timestamp":"2025-12-04T04:09:17.551Z","level":"info","message":"::1 - - [04/Dec/2025:04:09:17 +0000] \"GET / HTTP/1.1\" 304 - \"-\" \"Mozilla/5.0 (Linux; Android 10; K) AppleWebKit/537.36 (KHTML, like Gecko) Chrome/142.0.0.0 Mobile Safari/537.36\"","source":"morgan"}
{"timestamp":"2025-12-04T04:09:25.592Z","level":"info","message":"::1 - - [04/Dec/2025:04:09:25 +0000] \"GET /login HTTP/1.1\" 200 7172 \"-\" \"Mozilla/5.0 (Linux; Android 10; K) AppleWebKit/537.36 (KHTML, like Gecko) Chrome/142.0.0.0 Mobile Safari/537.36\"","source":"morgan"}
{"timestamp":"2025-12-04T04:09:25.651Z","level":"info","message":"::1 - - [04/Dec/2025:04:09:25 +0000] \"GET /css/main.css HTTP/1.1\" 200 6541 \"-\" \"Mozilla/5.0 (Linux; Android 10; K) AppleWebKit/537.36 (KHTML, like Gecko) Chrome/142.0.0.0 Mobile Safari/537.36\"","source":"morgan"}
{"timestamp":"2025-12-04T04:09:54.879Z","level":"info","message":"SIGINT received, shutting down gracefully"}
{"timestamp":"2025-12-04T04:23:10.906Z","level":"info","message":"Session cleaner started"}
{"timestamp":"2025-12-04T04:23:10.969Z","level":"info","message":"Server running on localhost:8080","host":"localhost","port":"8080","environment":"development","documentation":"http://localhost:8080/api-docs","health":"http://localhost:8080/health","captivePortal":"http://localhost:8080/login"}
{"timestamp":"2025-12-04T04:23:18.367Z","level":"info","message":"::1 - - [04/Dec/2025:04:23:18 +0000] \"GET /login HTTP/1.1\" 200 12810 \"-\" \"Mozilla/5.0 (Linux; Android 10; K) AppleWebKit/537.36 (KHTML, like Gecko) Chrome/142.0.0.0 Mobile Safari/537.36\"","source":"morgan"}
{"timestamp":"2025-12-04T04:23:18.452Z","level":"info","message":"::1 - - [04/Dec/2025:04:23:18 +0000] \"GET /favicon.ico HTTP/1.1\" 404 64 \"-\" \"Mozilla/5.0 (Linux; Android 10; K) AppleWebKit/537.36 (KHTML, like Gecko) Chrome/142.0.0.0 Mobile Safari/537.36\"","source":"morgan"}
{"timestamp":"2025-12-04T04:24:10.972Z","level":"info","message":"Session cleanup completed"}
{"timestamp":"2025-12-04T04:26:30.960Z","level":"info","message":"Session cleanup completed"}
{"timestamp":"2025-12-04T04:26:34.261Z","level":"info","message":"SIGINT received, shutting down gracefully"}
{"timestamp":"2025-12-04T04:32:55.870Z","level":"info","message":"Session cleaner started"}
{"timestamp":"2025-12-04T04:32:55.967Z","level":"info","message":"Server running on localhost:8080","host":"localhost","port":"8080","environment":"development","documentation":"http://localhost:8080/api-docs","health":"http://localhost:8080/health","captivePortal":"http://localhost:8080/login"}
{"timestamp":"2025-12-04T04:33:03.431Z","level":"info","message":"::1 - - [04/Dec/2025:04:33:03 +0000] \"GET /login HTTP/1.1\" 200 17076 \"-\" \"Mozilla/5.0 (Linux; Android 10; K) AppleWebKit/537.36 (KHTML, like Gecko) Chrome/142.0.0.0 Mobile Safari/537.36\"","source":"morgan"}
{"timestamp":"2025-12-04T04:33:55.921Z","level":"info","message":"Session cleanup completed"}
{"timestamp":"2025-12-04T04:35:15.759Z","level":"info","message":"Session cleanup completed"}
{"timestamp":"2025-12-04T04:36:43.495Z","level":"info","message":"Session cleanup completed"}
{"timestamp":"2025-12-04T04:37:48.669Z","level":"info","message":"Session cleanup completed"}
{"timestamp":"2025-12-04T04:39:31.619Z","level":"info","message":"Session cleanup completed"}
{"timestamp":"2025-12-04T04:40:58.333Z","level":"info","message":"Session cleanup completed"}
{"timestamp":"2025-12-04T04:42:33.811Z","level":"info","message":"Session cleanup completed"}
{"timestamp":"2025-12-04T04:44:04.795Z","level":"info","message":"Session cleanup completed"}
{"timestamp":"2025-12-04T04:45:16.783Z","level":"info","message":"Session cleanup completed"}
{"timestamp":"2025-12-04T04:47:03.464Z","level":"info","message":"Session cleanup completed"}
{"timestamp":"2025-12-04T04:48:14.947Z","level":"info","message":"Session cleanup completed"}
{"timestamp":"2025-12-04T04:49:51.390Z","level":"info","message":"Session cleanup completed"}
{"timestamp":"2025-12-04T04:52:21.125Z","level":"info","message":"Session cleanup completed"}
{"timestamp":"2025-12-04T04:53:57.568Z","level":"info","message":"Session cleanup completed"}
{"timestamp":"2025-12-04T04:55:08.417Z","level":"info","message":"Session cleanup completed"}
{"timestamp":"2025-12-04T04:56:09.066Z","level":"info","message":"Session cleanup completed"}
{"timestamp":"2025-12-04T04:58:18.971Z","level":"info","message":"Session cleanup completed"}
{"timestamp":"2025-12-04T04:59:59.530Z","level":"info","message":"Session cleanup completed"}
{"timestamp":"2025-12-04T05:01:07.046Z","level":"info","message":"Session cleanup completed"}
{"timestamp":"2025-12-04T05:10:19.611Z","level":"info","message":"Session cleanup completed"}
{"timestamp":"2025-12-04T05:13:11.532Z","level":"info","message":"Session cleanup completed"}
{"timestamp":"2025-12-04T05:14:11.551Z","level":"info","message":"Session cleanup completed"}
{"timestamp":"2025-12-04T05:16:22.038Z","level":"info","message":"Session cleanup completed"}
{"timestamp":"2025-12-04T05:17:49.640Z","level":"info","message":"Session cleanup completed"}
{"timestamp":"2025-12-04T05:18:49.675Z","level":"info","message":"Session cleanup completed"}
{"timestamp":"2025-12-04T05:19:49.690Z","level":"info","message":"Session cleanup completed"}
{"timestamp":"2025-12-04T05:20:49.718Z","level":"info","message":"Session cleanup completed"}
{"timestamp":"2025-12-04T05:21:57.607Z","level":"info","message":"Session cleanup completed"}
{"timestamp":"2025-12-04T05:22:57.640Z","level":"info","message":"Session cleanup completed"}
{"timestamp":"2025-12-04T05:23:57.668Z","level":"info","message":"Session cleanup completed"}
{"timestamp":"2025-12-04T05:24:57.660Z","level":"info","message":"Session cleanup completed"}
{"timestamp":"2025-12-04T05:25:57.691Z","level":"info","message":"Session cleanup completed"}
{"timestamp":"2025-12-04T05:26:57.692Z","level":"info","message":"Session cleanup completed"}
{"timestamp":"2025-12-04T05:27:57.692Z","level":"info","message":"Session cleanup completed"}
{"timestamp":"2025-12-04T05:28:57.721Z","level":"info","message":"Session cleanup completed"}
{"timestamp":"2025-12-04T05:29:57.721Z","level":"info","message":"Session cleanup completed"}
{"timestamp":"2025-12-04T05:30:57.769Z","level":"info","message":"Session cleanup completed"}
{"timestamp":"2025-12-04T05:31:57.793Z","level":"info","message":"Session cleanup completed"}
{"timestamp":"2025-12-04T05:32:57.793Z","level":"info","message":"Session cleanup completed"}
{"timestamp":"2025-12-04T05:33:57.813Z","level":"info","message":"Session cleanup completed"}
{"timestamp":"2025-12-04T05:34:57.857Z","level":"info","message":"Session cleanup completed"}
{"timestamp":"2025-12-04T05:35:57.854Z","level":"info","message":"Session cleanup completed"}
{"timestamp":"2025-12-04T05:36:57.871Z","level":"info","message":"Session cleanup completed"}
{"timestamp":"2025-12-04T05:37:57.893Z","level":"info","message":"Session cleanup completed"}
{"timestamp":"2025-12-04T05:38:57.900Z","level":"info","message":"Session cleanup completed"}
{"timestamp":"2025-12-04T05:39:57.945Z","level":"info","message":"Session cleanup completed"}
{"timestamp":"2025-12-04T05:40:57.954Z","level":"info","message":"Session cleanup completed"}
{"timestamp":"2025-12-04T05:41:57.959Z","level":"info","message":"Session cleanup completed"}
{"timestamp":"2025-12-04T05:42:57.974Z","level":"info","message":"Session cleanup completed"}
{"timestamp":"2025-12-04T05:43:57.995Z","level":"info","message":"Session cleanup completed"}
{"timestamp":"2025-12-04T05:44:58.020Z","level":"info","message":"Session cleanup completed"}
{"timestamp":"2025-12-04T05:45:58.055Z","level":"info","message":"Session cleanup completed"}
{"timestamp":"2025-12-04T05:46:58.067Z","level":"info","message":"Session cleanup completed"}
{"timestamp":"2025-12-04T05:47:58.105Z","level":"info","message":"Session cleanup completed"}
{"timestamp":"2025-12-04T05:48:58.145Z","level":"info","message":"Session cleanup completed"}
{"timestamp":"2025-12-04T05:49:58.147Z","level":"info","message":"Session cleanup completed"}
{"timestamp":"2025-12-04T05:50:58.187Z","level":"info","message":"Session cleanup completed"}
{"timestamp":"2025-12-04T05:51:58.215Z","level":"info","message":"Session cleanup completed"}
{"timestamp":"2025-12-04T05:52:58.240Z","level":"info","message":"Session cleanup completed"}
{"timestamp":"2025-12-04T05:53:58.249Z","level":"info","message":"Session cleanup completed"}
{"timestamp":"2025-12-04T05:54:58.272Z","level":"info","message":"Session cleanup completed"}
{"timestamp":"2025-12-04T05:55:58.307Z","level":"info","message":"Session cleanup completed"}
{"timestamp":"2025-12-04T05:56:58.344Z","level":"info","message":"Session cleanup completed"}
{"timestamp":"2025-12-04T05:57:58.343Z","level":"info","message":"Session cleanup completed"}
{"timestamp":"2025-12-04T05:58:58.366Z","level":"info","message":"Session cleanup completed"}
{"timestamp":"2025-12-04T05:59:58.412Z","level":"info","message":"Session cleanup completed"}
{"timestamp":"2025-12-04T06:00:58.432Z","level":"info","message":"Session cleanup completed"}
{"timestamp":"2025-12-04T06:01:58.453Z","level":"info","message":"Session cleanup completed"}
{"timestamp":"2025-12-04T06:02:58.491Z","level":"info","message":"Session cleanup completed"}
{"timestamp":"2025-12-04T06:03:58.505Z","level":"info","message":"Session cleanup completed"}
{"timestamp":"2025-12-04T06:06:02.872Z","level":"info","message":"Session cleanup completed"}
{"timestamp":"2025-12-04T06:07:02.892Z","level":"info","message":"Session cleanup completed"}
{"timestamp":"2025-12-04T06:08:02.903Z","level":"info","message":"Session cleanup completed"}
{"timestamp":"2025-12-04T06:09:02.945Z","level":"info","message":"Session cleanup completed"}
{"timestamp":"2025-12-04T06:10:06.405Z","level":"info","message":"Session cleanup completed"}
{"timestamp":"2025-12-04T06:11:40.080Z","level":"info","message":"Session cleanup completed"}
{"timestamp":"2025-12-04T06:12:40.130Z","level":"info","message":"Session cleanup completed"}
{"timestamp":"2025-12-04T06:13:40.127Z","level":"info","message":"Session cleanup completed"}
{"timestamp":"2025-12-04T06:27:11.901Z","level":"info","message":"Session cleanup completed"}
{"timestamp":"2025-12-04T06:40:30.285Z","level":"info","message":"Session cleanup completed"}
{"timestamp":"2025-12-04T06:41:30.271Z","level":"info","message":"Session cleanup completed"}
{"timestamp":"2025-12-04T06:42:39.800Z","level":"info","message":"Session cleanup completed"}
{"timestamp":"2025-12-04T06:43:59.269Z","level":"info","message":"Session cleanup completed"}
{"timestamp":"2025-12-04T06:44:59.298Z","level":"info","message":"Session cleanup completed"}
{"timestamp":"2025-12-04T06:45:59.304Z","level":"info","message":"Session cleanup completed"}
{"timestamp":"2025-12-04T06:46:59.339Z","level":"info","message":"Session cleanup completed"}
{"timestamp":"2025-12-04T06:47:59.354Z","level":"info","message":"Session cleanup completed"}
{"timestamp":"2025-12-04T06:48:59.401Z","level":"info","message":"Session cleanup completed"}
{"timestamp":"2025-12-04T06:49:59.420Z","level":"info","message":"Session cleanup completed"}
{"timestamp":"2025-12-04T06:50:59.416Z","level":"info","message":"Session cleanup completed"}
{"timestamp":"2025-12-04T06:51:59.440Z","level":"info","message":"Session cleanup completed"}
{"timestamp":"2025-12-04T06:52:59.461Z","level":"info","message":"Session cleanup completed"}
{"timestamp":"2025-12-04T06:54:00.925Z","level":"info","message":"Session cleanup completed"}
{"timestamp":"2025-12-04T06:55:00.958Z","level":"info","message":"Session cleanup completed"}
{"timestamp":"2025-12-04T06:56:00.958Z","level":"info","message":"Session cleanup completed"}
{"timestamp":"2025-12-04T06:57:00.985Z","level":"info","message":"Session cleanup completed"}
{"timestamp":"2025-12-04T06:58:01.022Z","level":"info","message":"Session cleanup completed"}
{"timestamp":"2025-12-04T06:59:01.048Z","level":"info","message":"Session cleanup completed"}
{"timestamp":"2025-12-04T07:00:01.069Z","level":"info","message":"Session cleanup completed"}
{"timestamp":"2025-12-04T07:01:19.141Z","level":"info","message":"Session cleanup completed"}
{"timestamp":"2025-12-04T07:06:13.230Z","level":"info","message":"Session cleanup completed"}
{"timestamp":"2025-12-04T07:07:17.999Z","level":"info","message":"Session cleanup completed"}
{"timestamp":"2025-12-04T07:09:42.560Z","level":"info","message":"Session cleanup completed"}
{"timestamp":"2025-12-04T07:20:19.423Z","level":"info","message":"Session cleanup completed"}
{"timestamp":"2025-12-04T07:27:17.601Z","level":"info","message":"Session cleanup completed"}
{"timestamp":"2025-12-04T07:37:21.098Z","level":"info","message":"Session cleanup completed"}
{"timestamp":"2025-12-04T07:38:59.917Z","level":"info","message":"Session cleanup completed"}
{"timestamp":"2025-12-04T07:43:13.223Z","level":"info","message":"Session cleanup completed"}
{"timestamp":"2025-12-04T07:46:31.536Z","level":"info","message":"Session cleanup completed"}
{"timestamp":"2025-12-04T07:49:13.857Z","level":"info","message":"Session cleanup completed"}
{"timestamp":"2025-12-04T07:50:13.926Z","level":"info","message":"Session cleanup completed"}
{"timestamp":"2025-12-04T07:50:24.910Z","level":"info","message":"::1 - - [04/Dec/2025:07:50:24 +0000] \"GET /favicon.ico HTTP/1.1\" 404 64 \"-\" \"Mozilla/5.0 (Linux; Android 10; K) AppleWebKit/537.36 (KHTML, like Gecko) Chrome/142.0.0.0 Mobile Safari/537.36\"","source":"morgan"}
{"timestamp":"2025-12-04T07:51:13.924Z","level":"info","message":"Session cleanup completed"}
{"timestamp":"2025-12-04T07:52:13.912Z","level":"info","message":"Session cleanup completed"}
{"timestamp":"2025-12-04T07:53:13.951Z","level":"info","message":"Session cleanup completed"}
{"timestamp":"2025-12-04T07:54:13.988Z","level":"info","message":"Session cleanup completed"}
{"timestamp":"2025-12-04T07:55:14.001Z","level":"info","message":"Session cleanup completed"}
{"timestamp":"2025-12-04T07:56:14.031Z","level":"info","message":"Session cleanup completed"}
{"timestamp":"2025-12-04T07:57:14.049Z","level":"info","message":"Session cleanup completed"}
{"timestamp":"2025-12-04T07:58:14.077Z","level":"info","message":"Session cleanup completed"}
{"timestamp":"2025-12-04T07:59:14.094Z","level":"info","message":"Session cleanup completed"}
{"timestamp":"2025-12-04T08:00:14.100Z","level":"info","message":"Session cleanup completed"}
{"timestamp":"2025-12-04T08:01:14.141Z","level":"info","message":"Session cleanup completed"}
{"timestamp":"2025-12-04T08:02:14.153Z","level":"info","message":"Session cleanup completed"}
{"timestamp":"2025-12-04T08:03:14.176Z","level":"info","message":"Session cleanup completed"}
{"timestamp":"2025-12-04T08:04:14.212Z","level":"info","message":"Session cleanup completed"}
{"timestamp":"2025-12-04T08:05:14.235Z","level":"info","message":"Session cleanup completed"}
{"timestamp":"2025-12-04T08:06:14.256Z","level":"info","message":"Session cleanup completed"}
{"timestamp":"2025-12-04T08:07:14.293Z","level":"info","message":"Session cleanup completed"}
{"timestamp":"2025-12-04T08:08:14.311Z","level":"info","message":"Session cleanup completed"}
{"timestamp":"2025-12-04T08:09:14.323Z","level":"info","message":"Session cleanup completed"}
{"timestamp":"2025-12-04T08:10:14.361Z","level":"info","message":"Session cleanup completed"}
{"timestamp":"2025-12-04T08:11:14.380Z","level":"info","message":"Session cleanup completed"}
{"timestamp":"2025-12-04T08:12:14.403Z","level":"info","message":"Session cleanup completed"}
{"timestamp":"2025-12-04T08:13:14.442Z","level":"info","message":"Session cleanup completed"}
{"timestamp":"2025-12-04T08:14:14.462Z","level":"info","message":"Session cleanup completed"}
{"timestamp":"2025-12-04T08:15:14.486Z","level":"info","message":"Session cleanup completed"}
{"timestamp":"2025-12-04T08:16:14.505Z","level":"info","message":"Session cleanup completed"}
{"timestamp":"2025-12-04T08:17:14.520Z","level":"info","message":"Session cleanup completed"}
{"timestamp":"2025-12-04T08:18:14.550Z","level":"info","message":"Session cleanup completed"}
{"timestamp":"2025-12-04T08:19:14.579Z","level":"info","message":"Session cleanup completed"}
{"timestamp":"2025-12-04T08:20:14.597Z","level":"info","message":"Session cleanup completed"}
{"timestamp":"2025-12-04T08:21:14.617Z","level":"info","message":"Session cleanup completed"}
{"timestamp":"2025-12-04T08:22:14.610Z","level":"info","message":"Session cleanup completed"}
{"timestamp":"2025-12-04T08:23:14.632Z","level":"info","message":"Session cleanup completed"}
{"timestamp":"2025-12-04T08:24:14.674Z","level":"info","message":"Session cleanup completed"}
{"timestamp":"2025-12-04T08:25:14.703Z","level":"info","message":"Session cleanup completed"}
{"timestamp":"2025-12-04T08:26:14.727Z","level":"info","message":"Session cleanup completed"}
{"timestamp":"2025-12-04T08:27:14.754Z","level":"info","message":"Session cleanup completed"}
{"timestamp":"2025-12-04T08:28:14.788Z","level":"info","message":"Session cleanup completed"}
{"timestamp":"2025-12-04T08:29:14.819Z","level":"info","message":"Session cleanup completed"}
{"timestamp":"2025-12-04T08:30:14.860Z","level":"info","message":"Session cleanup completed"}
{"timestamp":"2025-12-04T08:31:14.892Z","level":"info","message":"Session cleanup completed"}
{"timestamp":"2025-12-04T08:32:14.902Z","level":"info","message":"Session cleanup completed"}
{"timestamp":"2025-12-04T08:33:14.934Z","level":"info","message":"Session cleanup completed"}
{"timestamp":"2025-12-04T08:34:14.945Z","level":"info","message":"Session cleanup completed"}
{"timestamp":"2025-12-04T08:35:14.982Z","level":"info","message":"Session cleanup completed"}
{"timestamp":"2025-12-04T08:36:14.995Z","level":"info","message":"Session cleanup completed"}
{"timestamp":"2025-12-04T08:37:15.023Z","level":"info","message":"Session cleanup completed"}
{"timestamp":"2025-12-04T08:38:15.054Z","level":"info","message":"Session cleanup completed"}
{"timestamp":"2025-12-04T08:39:15.068Z","level":"info","message":"Session cleanup completed"}
{"timestamp":"2025-12-04T08:40:15.082Z","level":"info","message":"Session cleanup completed"}
{"timestamp":"2025-12-04T08:41:15.104Z","level":"info","message":"Session cleanup completed"}
{"timestamp":"2025-12-04T08:42:15.127Z","level":"info","message":"Session cleanup completed"}
{"timestamp":"2025-12-04T08:43:15.158Z","level":"info","message":"Session cleanup completed"}
{"timestamp":"2025-12-04T08:44:15.195Z","level":"info","message":"Session cleanup completed"}
{"timestamp":"2025-12-04T08:45:15.222Z","level":"info","message":"Session cleanup completed"}
{"timestamp":"2025-12-04T08:46:15.255Z","level":"info","message":"Session cleanup completed"}
{"timestamp":"2025-12-04T08:47:15.283Z","level":"info","message":"Session cleanup completed"}
{"timestamp":"2025-12-04T08:48:15.293Z","level":"info","message":"Session cleanup completed"}
{"timestamp":"2025-12-04T08:49:15.299Z","level":"info","message":"Session cleanup completed"}
{"timestamp":"2025-12-04T08:50:15.346Z","level":"info","message":"Session cleanup completed"}
{"timestamp":"2025-12-04T08:51:15.364Z","level":"info","message":"Session cleanup completed"}
{"timestamp":"2025-12-04T08:52:15.365Z","level":"info","message":"Session cleanup completed"}
{"timestamp":"2025-12-04T08:53:15.412Z","level":"info","message":"Session cleanup completed"}
{"timestamp":"2025-12-04T08:54:15.428Z","level":"info","message":"Session cleanup completed"}
{"timestamp":"2025-12-04T08:55:15.447Z","level":"info","message":"Session cleanup completed"}
{"timestamp":"2025-12-04T08:56:15.446Z","level":"info","message":"Session cleanup completed"}
{"timestamp":"2025-12-04T08:57:15.446Z","level":"info","message":"Session cleanup completed"}
{"timestamp":"2025-12-04T08:58:15.488Z","level":"info","message":"Session cleanup completed"}
{"timestamp":"2025-12-04T08:59:15.479Z","level":"info","message":"Session cleanup completed"}
{"timestamp":"2025-12-04T09:00:15.502Z","level":"info","message":"Session cleanup completed"}
{"timestamp":"2025-12-04T09:01:15.540Z","level":"info","message":"Session cleanup completed"}
{"timestamp":"2025-12-04T09:02:15.564Z","level":"info","message":"Session cleanup completed"}
{"timestamp":"2025-12-04T09:03:15.583Z","level":"info","message":"Session cleanup completed"}
{"timestamp":"2025-12-04T09:04:15.623Z","level":"info","message":"Session cleanup completed"}
{"timestamp":"2025-12-04T09:05:15.624Z","level":"info","message":"Session cleanup completed"}
{"timestamp":"2025-12-04T09:06:15.657Z","level":"info","message":"Session cleanup completed"}
{"timestamp":"2025-12-04T09:07:15.682Z","level":"info","message":"Session cleanup completed"}
{"timestamp":"2025-12-04T09:08:15.700Z","level":"info","message":"Session cleanup completed"}
{"timestamp":"2025-12-04T09:09:15.752Z","level":"info","message":"Session cleanup completed"}
{"timestamp":"2025-12-04T09:10:15.780Z","level":"info","message":"Session cleanup completed"}
{"timestamp":"2025-12-04T09:11:15.772Z","level":"info","message":"Session cleanup completed"}
{"timestamp":"2025-12-04T09:12:15.818Z","level":"info","message":"Session cleanup completed"}
{"timestamp":"2025-12-04T09:13:15.830Z","level":"info","message":"Session cleanup completed"}
{"timestamp":"2025-12-04T09:14:15.861Z","level":"info","message":"Session cleanup completed"}
{"timestamp":"2025-12-04T09:15:15.911Z","level":"info","message":"Session cleanup completed"}
{"timestamp":"2025-12-04T09:16:39.439Z","level":"info","message":"Session cleanup completed"}
{"timestamp":"2025-12-04T09:18:36.817Z","level":"info","message":"Session cleanup completed"}
{"timestamp":"2025-12-04T09:22:35.944Z","level":"info","message":"Session cleanup completed"}
{"timestamp":"2025-12-04T09:25:16.729Z","level":"info","message":"Session cleanup completed"}
{"timestamp":"2025-12-04T09:29:22.255Z","level":"info","message":"Session cleanup completed"}
{"timestamp":"2025-12-04T09:30:22.293Z","level":"info","message":"Session cleanup completed"}
{"timestamp":"2025-12-04T09:31:22.318Z","level":"info","message":"Session cleanup completed"}
{"timestamp":"2025-12-04T09:32:22.338Z","level":"info","message":"Session cleanup completed"}
{"timestamp":"2025-12-04T09:33:22.365Z","level":"info","message":"Session cleanup completed"}
{"timestamp":"2025-12-04T09:34:22.381Z","level":"info","message":"Session cleanup completed"}
{"timestamp":"2025-12-04T09:35:22.434Z","level":"info","message":"Session cleanup completed"}
{"timestamp":"2025-12-04T09:36:22.455Z","level":"info","message":"Session cleanup completed"}
{"timestamp":"2025-12-04T09:37:22.475Z","level":"info","message":"Session cleanup completed"}
{"timestamp":"2025-12-04T09:38:22.488Z","level":"info","message":"Session cleanup completed"}
{"timestamp":"2025-12-04T09:39:22.523Z","level":"info","message":"Session cleanup completed"}
{"timestamp":"2025-12-04T09:40:22.533Z","level":"info","message":"Session cleanup completed"}
{"timestamp":"2025-12-04T09:41:22.574Z","level":"info","message":"Session cleanup completed"}
{"timestamp":"2025-12-04T09:42:22.608Z","level":"info","message":"Session cleanup completed"}
{"timestamp":"2025-12-04T09:43:22.627Z","level":"info","message":"Session cleanup completed"}
{"timestamp":"2025-12-04T09:44:22.655Z","level":"info","message":"Session cleanup completed"}
{"timestamp":"2025-12-04T09:45:22.698Z","level":"info","message":"Session cleanup completed"}
{"timestamp":"2025-12-04T09:46:22.697Z","level":"info","message":"Session cleanup completed"}
{"timestamp":"2025-12-04T09:47:22.723Z","level":"info","message":"Session cleanup completed"}
{"timestamp":"2025-12-04T09:48:22.752Z","level":"info","message":"Session cleanup completed"}
{"timestamp":"2025-12-04T09:49:22.772Z","level":"info","message":"Session cleanup completed"}
{"timestamp":"2025-12-04T09:50:22.808Z","level":"info","message":"Session cleanup completed"}
{"timestamp":"2025-12-04T09:51:22.826Z","level":"info","message":"Session cleanup completed"}
{"timestamp":"2025-12-04T09:52:22.857Z","level":"info","message":"Session cleanup completed"}
{"timestamp":"2025-12-04T09:53:22.890Z","level":"info","message":"Session cleanup completed"}
{"timestamp":"2025-12-04T09:54:22.903Z","level":"info","message":"Session cleanup completed"}
{"timestamp":"2025-12-04T09:55:22.943Z","level":"info","message":"Session cleanup completed"}
{"timestamp":"2025-12-04T09:56:22.975Z","level":"info","message":"Session cleanup completed"}
{"timestamp":"2025-12-04T09:57:22.975Z","level":"info","message":"Session cleanup completed"}
{"timestamp":"2025-12-04T09:58:23.014Z","level":"info","message":"Session cleanup completed"}
{"timestamp":"2025-12-04T09:59:23.018Z","level":"info","message":"Session cleanup completed"}
{"timestamp":"2025-12-04T10:00:23.040Z","level":"info","message":"Session cleanup completed"}
{"timestamp":"2025-12-04T10:01:23.066Z","level":"info","message":"Session cleanup completed"}
{"timestamp":"2025-12-04T10:02:23.102Z","level":"info","message":"Session cleanup completed"}
{"timestamp":"2025-12-04T10:03:23.115Z","level":"info","message":"Session cleanup completed"}
{"timestamp":"2025-12-04T10:04:23.144Z","level":"info","message":"Session cleanup completed"}
{"timestamp":"2025-12-04T10:05:23.188Z","level":"info","message":"Session cleanup completed"}
{"timestamp":"2025-12-04T10:06:23.194Z","level":"info","message":"Session cleanup completed"}
{"timestamp":"2025-12-04T10:07:23.238Z","level":"info","message":"Session cleanup completed"}
{"timestamp":"2025-12-04T10:08:23.234Z","level":"info","message":"Session cleanup completed"}
{"timestamp":"2025-12-04T10:09:23.269Z","level":"info","message":"Session cleanup completed"}
{"timestamp":"2025-12-04T10:10:23.312Z","level":"info","message":"Session cleanup completed"}
{"timestamp":"2025-12-04T10:11:23.319Z","level":"info","message":"Session cleanup completed"}
{"timestamp":"2025-12-04T10:12:23.357Z","level":"info","message":"Session cleanup completed"}
{"timestamp":"2025-12-04T10:13:23.390Z","level":"info","message":"Session cleanup completed"}
{"timestamp":"2025-12-04T10:14:23.404Z","level":"info","message":"Session cleanup completed"}
{"timestamp":"2025-12-04T10:15:23.429Z","level":"info","message":"Session cleanup completed"}
{"timestamp":"2025-12-04T10:16:23.446Z","level":"info","message":"Session cleanup completed"}
{"timestamp":"2025-12-04T10:17:23.462Z","level":"info","message":"Session cleanup completed"}
{"timestamp":"2025-12-04T10:18:39.105Z","level":"info","message":"Session cleanup completed"}
{"timestamp":"2025-12-04T10:19:39.133Z","level":"info","message":"Session cleanup completed"}
{"timestamp":"2025-12-04T10:20:39.163Z","level":"info","message":"Session cleanup completed"}
{"timestamp":"2025-12-04T10:21:39.206Z","level":"info","message":"Session cleanup completed"}
{"timestamp":"2025-12-04T10:22:39.220Z","level":"info","message":"Session cleanup completed"}
{"timestamp":"2025-12-04T10:23:39.231Z","level":"info","message":"Session cleanup completed"}
{"timestamp":"2025-12-04T10:24:39.252Z","level":"info","message":"Session cleanup completed"}
{"timestamp":"2025-12-04T10:25:39.261Z","level":"info","message":"Session cleanup completed"}
{"timestamp":"2025-12-04T10:26:39.283Z","level":"info","message":"Session cleanup completed"}
{"timestamp":"2025-12-04T10:27:39.301Z","level":"info","message":"Session cleanup completed"}
{"timestamp":"2025-12-04T10:28:39.316Z","level":"info","message":"Session cleanup completed"}
{"timestamp":"2025-12-04T10:29:39.359Z","level":"info","message":"Session cleanup completed"}
{"timestamp":"2025-12-04T10:30:39.397Z","level":"info","message":"Session cleanup completed"}
{"timestamp":"2025-12-04T10:31:39.416Z","level":"info","message":"Session cleanup completed"}
{"timestamp":"2025-12-04T10:32:39.452Z","level":"info","message":"Session cleanup completed"}
{"timestamp":"2025-12-04T10:33:39.490Z","level":"info","message":"Session cleanup completed"}
{"timestamp":"2025-12-04T10:34:39.513Z","level":"info","message":"Session cleanup completed"}
{"timestamp":"2025-12-04T10:35:39.536Z","level":"info","message":"Session cleanup completed"}
{"timestamp":"2025-12-04T10:36:39.555Z","level":"info","message":"Session cleanup completed"}
{"timestamp":"2025-12-04T10:37:39.588Z","level":"info","message":"Session cleanup completed"}
{"timestamp":"2025-12-04T10:38:39.608Z","level":"info","message":"Session cleanup completed"}
{"timestamp":"2025-12-04T10:43:57.796Z","level":"info","message":"Session cleanup completed"}
{"timestamp":"2025-12-04T10:45:02.433Z","level":"info","message":"Session cleanup completed"}
{"timestamp":"2025-12-04T10:49:04.645Z","level":"info","message":"Session cleanup completed"}
{"timestamp":"2025-12-04T10:50:04.652Z","level":"info","message":"Session cleanup completed"}
{"timestamp":"2025-12-04T10:51:04.683Z","level":"info","message":"Session cleanup completed"}
{"timestamp":"2025-12-04T10:52:04.711Z","level":"info","message":"Session cleanup completed"}
{"timestamp":"2025-12-04T10:53:16.649Z","level":"info","message":"Session cleanup completed"}
{"timestamp":"2025-12-04T11:00:28.519Z","level":"info","message":"Session cleanup completed"}
{"timestamp":"2025-12-04T11:01:28.538Z","level":"info","message":"Session cleanup completed"}
{"timestamp":"2025-12-04T11:02:38.665Z","level":"info","message":"Session cleanup completed"}
{"timestamp":"2025-12-04T11:03:46.048Z","level":"info","message":"Session cleanup completed"}
{"timestamp":"2025-12-04T11:04:46.065Z","level":"info","message":"Session cleanup completed"}
{"timestamp":"2025-12-04T11:06:16.512Z","level":"info","message":"Session cleanup completed"}
{"timestamp":"2025-12-04T11:13:31.317Z","level":"info","message":"Session cleanup completed"}
{"timestamp":"2025-12-04T11:15:00.016Z","level":"info","message":"Session cleanup completed"}
{"timestamp":"2025-12-04T11:16:06.943Z","level":"info","message":"Session cleanup completed"}
{"timestamp":"2025-12-04T11:22:11.194Z","level":"info","message":"Session cleanup completed"}
{"timestamp":"2025-12-04T11:24:16.326Z","level":"info","message":"Session cleanup completed"}
{"timestamp":"2025-12-04T11:25:41.250Z","level":"info","message":"Session cleanup completed"}
{"timestamp":"2025-12-04T11:26:41.304Z","level":"info","message":"Session cleanup completed"}
{"timestamp":"2025-12-04T11:27:41.302Z","level":"info","message":"Session cleanup completed"}
{"timestamp":"2025-12-04T11:28:41.333Z","level":"info","message":"Session cleanup completed"}
{"timestamp":"2025-12-04T11:29:41.370Z","level":"info","message":"Session cleanup completed"}
{"timestamp":"2025-12-04T11:30:41.364Z","level":"info","message":"Session cleanup completed"}
{"timestamp":"2025-12-04T11:31:41.399Z","level":"info","message":"Session cleanup completed"}
{"timestamp":"2025-12-04T11:32:41.432Z","level":"info","message":"Session cleanup completed"}
{"timestamp":"2025-12-04T11:33:41.421Z","level":"info","message":"Session cleanup completed"}
{"timestamp":"2025-12-04T11:34:15.612Z","level":"info","message":"SIGINT received, shutting down gracefully"}
{"timestamp":"2025-12-04T11:50:57.340Z","level":"info","message":"Session cleaner started"}
{"timestamp":"2025-12-04T11:50:57.445Z","level":"info","message":"Server running on localhost:8080","host":"localhost","port":"8080","environment":"development","documentation":"http://localhost:8080/api-docs","health":"http://localhost:8080/health","captivePortal":"http://localhost:8080/login"}
{"timestamp":"2025-12-04T11:51:46.874Z","level":"info","message":"::1 - - [04/Dec/2025:11:51:46 +0000] \"GET /favicon.ico HTTP/1.1\" 404 64 \"-\" \"Mozilla/5.0 (Linux; Android 10; K) AppleWebKit/537.36 (KHTML, like Gecko) Chrome/142.0.0.0 Mobile Safari/537.36\"","source":"morgan"}
{"timestamp":"2025-12-04T11:51:47.963Z","level":"info","message":"::1 - - [04/Dec/2025:11:51:47 +0000] \"GET / HTTP/1.1\" 304 - \"-\" \"Mozilla/5.0 (Linux; Android 10; K) AppleWebKit/537.36 (KHTML, like Gecko) Chrome/142.0.0.0 Mobile Safari/537.36\"","source":"morgan"}
{"timestamp":"2025-12-04T11:51:50.028Z","level":"info","message":"::1 - - [04/Dec/2025:11:51:50 +0000] \"GET / HTTP/1.1\" 304 - \"-\" \"Mozilla/5.0 (Linux; Android 10; K) AppleWebKit/537.36 (KHTML, like Gecko) Chrome/142.0.0.0 Mobile Safari/537.36\"","source":"morgan"}
{"timestamp":"2025-12-04T11:51:57.373Z","level":"info","message":"Session cleanup completed"}
{"timestamp":"2025-12-04T11:52:03.795Z","level":"info","message":"::1 - - [04/Dec/2025:11:52:03 +0000] \"GET /login HTTP/1.1\" 200 16639 \"-\" \"Mozilla/5.0 (Linux; Android 10; K) AppleWebKit/537.36 (KHTML, like Gecko) Chrome/142.0.0.0 Mobile Safari/537.36\"","source":"morgan"}
{"timestamp":"2025-12-04T11:52:57.350Z","level":"info","message":"Session cleanup completed"}
{"timestamp":"2025-12-04T11:53:57.399Z","level":"info","message":"Session cleanup completed"}
{"timestamp":"2025-12-04T11:54:57.441Z","level":"info","message":"Session cleanup completed"}
{"timestamp":"2025-12-04T11:55:57.430Z","level":"info","message":"Session cleanup completed"}
{"timestamp":"2025-12-04T11:56:57.463Z","level":"info","message":"Session cleanup completed"}
{"timestamp":"2025-12-04T11:57:57.487Z","level":"info","message":"Session cleanup completed"}
{"timestamp":"2025-12-04T11:58:57.528Z","level":"info","message":"Session cleanup completed"}
{"timestamp":"2025-12-04T11:59:57.559Z","level":"info","message":"Session cleanup completed"}
{"timestamp":"2025-12-04T12:00:57.581Z","level":"info","message":"Session cleanup completed"}
{"timestamp":"2025-12-04T12:01:57.645Z","level":"info","message":"Session cleanup completed"}
{"timestamp":"2025-12-04T12:02:57.637Z","level":"info","message":"Session cleanup completed"}
{"timestamp":"2025-12-04T12:03:57.637Z","level":"info","message":"Session cleanup completed"}
{"timestamp":"2025-12-04T12:04:34.702Z","level":"info","message":"SIGINT received, shutting down gracefully"}
{"timestamp":"2025-12-04T14:12:28.273Z","level":"info","message":"Session cleaner started"}
{"timestamp":"2025-12-04T14:12:28.493Z","level":"info","message":"Server running on localhost:8080","host":"localhost","port":"8080","environment":"development","documentation":"http://localhost:8080/api-docs","health":"http://localhost:8080/health","captivePortal":"http://localhost:8080/login"}
{"timestamp":"2025-12-04T14:13:28.326Z","level":"info","message":"Session cleanup completed"}
{"timestamp":"2025-12-04T14:14:28.351Z","level":"info","message":"Session cleanup completed"}
{"timestamp":"2025-12-04T14:15:28.351Z","level":"info","message":"Session cleanup completed"}
{"timestamp":"2025-12-04T14:16:28.360Z","level":"info","message":"Session cleanup completed"}
{"timestamp":"2025-12-04T14:17:28.385Z","level":"info","message":"Session cleanup completed"}
{"timestamp":"2025-12-04T14:18:28.398Z","level":"info","message":"Session cleanup completed"}
{"timestamp":"2025-12-04T14:19:28.426Z","level":"info","message":"Session cleanup completed"}
{"timestamp":"2025-12-04T14:20:28.453Z","level":"info","message":"Session cleanup completed"}
{"timestamp":"2025-12-04T14:21:28.451Z","level":"info","message":"Session cleanup completed"}
{"timestamp":"2025-12-04T14:22:28.482Z","level":"info","message":"Session cleanup completed"}
{"timestamp":"2025-12-04T14:23:28.499Z","level":"info","message":"Session cleanup completed"}
{"timestamp":"2025-12-04T14:24:28.508Z","level":"info","message":"Session cleanup completed"}
{"timestamp":"2025-12-04T14:25:28.519Z","level":"info","message":"Session cleanup completed"}
{"timestamp":"2025-12-04T14:26:23.391Z","level":"info","message":"SIGINT received, shutting down gracefully"}
{"timestamp":"2025-12-04T14:39:28.691Z","level":"info","message":"Session cleaner started"}
{"timestamp":"2025-12-04T14:39:28.795Z","level":"info","message":"Server running on localhost:8080","host":"localhost","port":"8080","environment":"development"}
{"timestamp":"2025-12-04T14:39:55.977Z","level":"info","message":"::1 - - [04/Dec/2025:14:39:55 +0000] \"GET / HTTP/1.1\" 200 25068 \"-\" \"Mozilla/5.0 (Linux; Android 10; K) AppleWebKit/537.36 (KHTML, like Gecko) Chrome/142.0.0.0 Mobile Safari/537.36\"","source":"morgan"}
{"timestamp":"2025-12-04T14:39:56.264Z","level":"info","message":"::1 - - [04/Dec/2025:14:39:56 +0000] \"GET /css/universal.css HTTP/1.1\" 200 10599 \"-\" \"Mozilla/5.0 (Linux; Android 10; K) AppleWebKit/537.36 (KHTML, like Gecko) Chrome/142.0.0.0 Mobile Safari/537.36\"","source":"morgan"}
{"timestamp":"2025-12-04T14:40:00.829Z","level":"info","message":"::1 - - [04/Dec/2025:14:40:00 +0000] \"GET / HTTP/1.1\" 304 - \"-\" \"Mozilla/5.0 (Linux; Android 10; K) AppleWebKit/537.36 (KHTML, like Gecko) Chrome/142.0.0.0 Mobile Safari/537.36\"","source":"morgan"}
{"timestamp":"2025-12-04T14:40:00.866Z","level":"info","message":"::1 - - [04/Dec/2025:14:40:00 +0000] \"GET /css/universal.css HTTP/1.1\" 304 - \"-\" \"Mozilla/5.0 (Linux; Android 10; K) AppleWebKit/537.36 (KHTML, like Gecko) Chrome/142.0.0.0 Mobile Safari/537.36\"","source":"morgan"}
{"timestamp":"2025-12-04T14:40:03.225Z","level":"info","message":"::1 - - [04/Dec/2025:14:40:03 +0000] \"GET / HTTP/1.1\" 304 - \"-\" \"Mozilla/5.0 (Linux; Android 10; K) AppleWebKit/537.36 (KHTML, like Gecko) Chrome/142.0.0.0 Mobile Safari/537.36\"","source":"morgan"}
{"timestamp":"2025-12-04T14:40:03.273Z","level":"info","message":"::1 - - [04/Dec/2025:14:40:03 +0000] \"GET /css/universal.css HTTP/1.1\" 304 - \"-\" \"Mozilla/5.0 (Linux; Android 10; K) AppleWebKit/537.36 (KHTML, like Gecko) Chrome/142.0.0.0 Mobile Safari/537.36\"","source":"morgan"}
{"timestamp":"2025-12-04T14:40:05.636Z","level":"info","message":"::1 - - [04/Dec/2025:14:40:05 +0000] \"GET / HTTP/1.1\" 304 - \"-\" \"Mozilla/5.0 (Linux; Android 10; K) AppleWebKit/537.36 (KHTML, like Gecko) Chrome/142.0.0.0 Mobile Safari/537.36\"","source":"morgan"}
{"timestamp":"2025-12-04T14:40:05.685Z","level":"info","message":"::1 - - [04/Dec/2025:14:40:05 +0000] \"GET /css/universal.css HTTP/1.1\" 304 - \"-\" \"Mozilla/5.0 (Linux; Android 10; K) AppleWebKit/537.36 (KHTML, like Gecko) Chrome/142.0.0.0 Mobile Safari/537.36\"","source":"morgan"}
{"timestamp":"2025-12-04T14:40:08.240Z","level":"info","message":"::1 - - [04/Dec/2025:14:40:08 +0000] \"GET / HTTP/1.1\" 304 - \"-\" \"Mozilla/5.0 (Linux; Android 10; K) AppleWebKit/537.36 (KHTML, like Gecko) Chrome/142.0.0.0 Mobile Safari/537.36\"","source":"morgan"}
{"timestamp":"2025-12-04T14:40:08.312Z","level":"info","message":"::1 - - [04/Dec/2025:14:40:08 +0000] \"GET /css/universal.css HTTP/1.1\" 304 - \"-\" \"Mozilla/5.0 (Linux; Android 10; K) AppleWebKit/537.36 (KHTML, like Gecko) Chrome/142.0.0.0 Mobile Safari/537.36\"","source":"morgan"}
{"timestamp":"2025-12-04T14:40:12.775Z","level":"info","message":"::1 - - [04/Dec/2025:14:40:12 +0000] \"GET / HTTP/1.1\" 304 - \"-\" \"Mozilla/5.0 (Linux; Android 10; K) AppleWebKit/537.36 (KHTML, like Gecko) Chrome/142.0.0.0 Mobile Safari/537.36\"","source":"morgan"}
{"timestamp":"2025-12-04T14:40:12.819Z","level":"info","message":"::1 - - [04/Dec/2025:14:40:12 +0000] \"GET /css/universal.css HTTP/1.1\" 304 - \"-\" \"Mozilla/5.0 (Linux; Android 10; K) AppleWebKit/537.36 (KHTML, like Gecko) Chrome/142.0.0.0 Mobile Safari/537.36\"","source":"morgan"}
{"timestamp":"2025-12-04T14:40:28.729Z","level":"info","message":"Session cleanup completed"}
{"timestamp":"2025-12-04T14:40:29.432Z","level":"info","message":"::1 - - [04/Dec/2025:14:40:29 +0000] \"GET / HTTP/1.1\" 304 - \"-\" \"Mozilla/5.0 (Linux; Android 10; K) AppleWebKit/537.36 (KHTML, like Gecko) Chrome/142.0.0.0 Mobile Safari/537.36\"","source":"morgan"}
{"timestamp":"2025-12-04T14:40:29.474Z","level":"info","message":"::1 - - [04/Dec/2025:14:40:29 +0000] \"GET /css/universal.css HTTP/1.1\" 304 - \"-\" \"Mozilla/5.0 (Linux; Android 10; K) AppleWebKit/537.36 (KHTML, like Gecko) Chrome/142.0.0.0 Mobile Safari/537.36\"","source":"morgan"}
{"timestamp":"2025-12-04T14:41:28.715Z","level":"info","message":"Session cleanup completed"}
{"timestamp":"2025-12-04T14:41:29.075Z","level":"info","message":"::1 - - [04/Dec/2025:14:41:29 +0000] \"GET /admin-dashboard.html HTTP/1.1\" 404 159 \"-\" \"Mozilla/5.0 (Linux; Android 10; K) AppleWebKit/537.36 (KHTML, like Gecko) Chrome/142.0.0.0 Mobile Safari/537.36\"","source":"morgan"}
{"timestamp":"2025-12-04T14:41:30.998Z","level":"info","message":"::1 - - [04/Dec/2025:14:41:30 +0000] \"GET /admin-dashboard.html HTTP/1.1\" 404 159 \"-\" \"Mozilla/5.0 (Linux; Android 10; K) AppleWebKit/537.36 (KHTML, like Gecko) Chrome/142.0.0.0 Mobile Safari/537.36\"","source":"morgan"}
{"timestamp":"2025-12-04T14:41:34.256Z","level":"info","message":"::1 - - [04/Dec/2025:14:41:34 +0000] \"GET /admin-dashboard.html HTTP/1.1\" 404 159 \"-\" \"Mozilla/5.0 (Linux; Android 10; K) AppleWebKit/537.36 (KHTML, like Gecko) Chrome/142.0.0.0 Mobile Safari/537.36\"","source":"morgan"}
{"timestamp":"2025-12-04T14:41:48.876Z","level":"info","message":"::1 - - [04/Dec/2025:14:41:48 +0000] \"GET /admin/dashboard.html HTTP/1.1\" 200 33672 \"-\" \"Mozilla/5.0 (Linux; Android 10; K) AppleWebKit/537.36 (KHTML, like Gecko) Chrome/142.0.0.0 Mobile Safari/537.36\"","source":"morgan"}
{"timestamp":"2025-12-04T14:41:48.948Z","level":"info","message":"::1 - - [04/Dec/2025:14:41:48 +0000] \"GET /css/universal.css HTTP/1.1\" 304 - \"-\" \"Mozilla/5.0 (Linux; Android 10; K) AppleWebKit/537.36 (KHTML, like Gecko) Chrome/142.0.0.0 Mobile Safari/537.36\"","source":"morgan"}
{"timestamp":"2025-12-04T14:41:48.956Z","level":"info","message":"::1 - - [04/Dec/2025:14:41:48 +0000] \"GET /js/universal.js HTTP/1.1\" 200 11363 \"-\" \"Mozilla/5.0 (Linux; Android 10; K) AppleWebKit/537.36 (KHTML, like Gecko) Chrome/142.0.0.0 Mobile Safari/537.36\"","source":"morgan"}
{"timestamp":"2025-12-04T14:41:49.755Z","level":"info","message":"::1 - - [04/Dec/2025:14:41:49 +0000] \"GET /api/admin/dashboard-stats HTTP/1.1\" 401 39 \"-\" \"Mozilla/5.0 (Linux; Android 10; K) AppleWebKit/537.36 (KHTML, like Gecko) Chrome/142.0.0.0 Mobile Safari/537.36\"","source":"morgan"}
{"timestamp":"2025-12-04T14:42:19.769Z","level":"info","message":"::1 - - [04/Dec/2025:14:42:19 +0000] \"GET /api/admin/dashboard-stats HTTP/1.1\" 401 39 \"-\" \"Mozilla/5.0 (Linux; Android 10; K) AppleWebKit/537.36 (KHTML, like Gecko) Chrome/142.0.0.0 Mobile Safari/537.36\"","source":"morgan"}
{"timestamp":"2025-12-04T14:42:28.723Z","level":"info","message":"Session cleanup completed"}
{"timestamp":"2025-12-04T14:42:49.827Z","level":"info","message":"::1 - - [04/Dec/2025:14:42:49 +0000] \"GET /api/admin/dashboard-stats HTTP/1.1\" 401 39 \"-\" \"Mozilla/5.0 (Linux; Android 10; K) AppleWebKit/537.36 (KHTML, like Gecko) Chrome/142.0.0.0 Mobile Safari/537.36\"","source":"morgan"}
{"timestamp":"2025-12-04T14:43:02.223Z","level":"info","message":"SIGINT received, shutting down gracefully"}
